[debug] [2022-05-16T04:05:29.460Z] ----------------------------------------------------------------------
[debug] [2022-05-16T04:05:29.462Z] Command:       /root/.nvm/versions/node/v16.13.0/bin/node /usr/local/bin/firebase init
[debug] [2022-05-16T04:05:29.462Z] CLI Version:   10.9.2
[debug] [2022-05-16T04:05:29.462Z] Platform:      linux
[debug] [2022-05-16T04:05:29.462Z] Node Version:  v16.13.0
[debug] [2022-05-16T04:05:29.463Z] Time:          Mon May 16 2022 12:05:29 GMT+0800 (Taipei Standard Time)
[debug] [2022-05-16T04:05:29.463Z] ----------------------------------------------------------------------
[debug] 
[debug] [2022-05-16T04:05:29.467Z] > command requires scopes: ["email","openid","https://www.googleapis.com/auth/cloudplatformprojects.readonly","https://www.googleapis.com/auth/firebase","https://www.googleapis.com/auth/cloud-platform"]
[debug] [2022-05-16T04:05:29.468Z] > authorizing via signed-in user (yuanrcurena@gmail.com)
[info] 
     ######## #### ########  ######## ########     ###     ######  ########
     ##        ##  ##     ## ##       ##     ##  ##   ##  ##       ##
     ######    ##  ########  ######   ########  #########  ######  ######
     ##        ##  ##    ##  ##       ##     ## ##     ##       ## ##
     ##       #### ##     ## ######## ########  ##     ##  ######  ########

You're about to initialize a Firebase project in this directory:

  /home/ecommerce

Before we get started, keep in mind:

  * You are currently outside your home directory

